<?xml version="1.0" encoding="UTF-8"?>
<testsuite xmlns:xsi="http://www.w3.org/2001/XMLSchema-instance" xsi:noNamespaceSchemaLocation="https://maven.apache.org/surefire/maven-surefire-plugin/xsd/surefire-test-report.xsd" name="com.wslint.wisdomreport.service.workflow.impl.WorkflowRecordServiceImplTest" time="0.303" tests="1" errors="1" skipped="0" failures="0">
  <properties>
    <property name="sun.desktop" value="windows"/>
    <property name="awt.toolkit" value="sun.awt.windows.WToolkit"/>
    <property name="file.encoding.pkg" value="sun.io"/>
    <property name="java.specification.version" value="1.8"/>
    <property name="sun.cpu.isalist" value="amd64"/>
    <property name="sun.jnu.encoding" value="GBK"/>
    <property name="java.class.path" value="E:\code\server\wisdomreport\target\test-classes;E:\code\server\wisdomreport\target\classes;C:\Users\win 10\.m2\repository\org\springframework\boot\spring-boot-starter-jdbc\2.0.4.RELEASE\spring-boot-starter-jdbc-2.0.4.RELEASE.jar;C:\Users\win 10\.m2\repository\org\springframework\boot\spring-boot-starter\2.0.4.RELEASE\spring-boot-starter-2.0.4.RELEASE.jar;C:\Users\win 10\.m2\repository\org\springframework\boot\spring-boot\2.0.4.RELEASE\spring-boot-2.0.4.RELEASE.jar;C:\Users\win 10\.m2\repository\org\springframework\boot\spring-boot-autoconfigure\2.0.4.RELEASE\spring-boot-autoconfigure-2.0.4.RELEASE.jar;C:\Users\win 10\.m2\repository\org\springframework\boot\spring-boot-starter-logging\2.0.4.RELEASE\spring-boot-starter-logging-2.0.4.RELEASE.jar;C:\Users\win 10\.m2\repository\ch\qos\logback\logback-classic\1.2.3\logback-classic-1.2.3.jar;C:\Users\win 10\.m2\repository\ch\qos\logback\logback-core\1.2.3\logback-core-1.2.3.jar;C:\Users\win 10\.m2\repository\org\apache\logging\log4j\log4j-to-slf4j\2.10.0\log4j-to-slf4j-2.10.0.jar;C:\Users\win 10\.m2\repository\org\apache\logging\log4j\log4j-api\2.10.0\log4j-api-2.10.0.jar;C:\Users\win 10\.m2\repository\org\slf4j\jul-to-slf4j\1.7.25\jul-to-slf4j-1.7.25.jar;C:\Users\win 10\.m2\repository\javax\annotation\javax.annotation-api\1.3.2\javax.annotation-api-1.3.2.jar;C:\Users\win 10\.m2\repository\org\yaml\snakeyaml\1.19\snakeyaml-1.19.jar;C:\Users\win 10\.m2\repository\com\zaxxer\HikariCP\2.7.9\HikariCP-2.7.9.jar;C:\Users\win 10\.m2\repository\org\springframework\spring-jdbc\5.0.8.RELEASE\spring-jdbc-5.0.8.RELEASE.jar;C:\Users\win 10\.m2\repository\org\springframework\spring-beans\5.0.8.RELEASE\spring-beans-5.0.8.RELEASE.jar;C:\Users\win 10\.m2\repository\org\springframework\spring-tx\5.0.8.RELEASE\spring-tx-5.0.8.RELEASE.jar;C:\Users\win 10\.m2\repository\org\springframework\boot\spring-boot-starter-thymeleaf\2.0.4.RELEASE\spring-boot-starter-thymeleaf-2.0.4.RELEASE.jar;C:\Users\win 10\.m2\repository\org\thymeleaf\thymeleaf-spring5\3.0.9.RELEASE\thymeleaf-spring5-3.0.9.RELEASE.jar;C:\Users\win 10\.m2\repository\org\thymeleaf\thymeleaf\3.0.9.RELEASE\thymeleaf-3.0.9.RELEASE.jar;C:\Users\win 10\.m2\repository\org\attoparser\attoparser\2.0.4.RELEASE\attoparser-2.0.4.RELEASE.jar;C:\Users\win 10\.m2\repository\org\unbescape\unbescape\1.1.5.RELEASE\unbescape-1.1.5.RELEASE.jar;C:\Users\win 10\.m2\repository\org\thymeleaf\extras\thymeleaf-extras-java8time\3.0.1.RELEASE\thymeleaf-extras-java8time-3.0.1.RELEASE.jar;C:\Users\win 10\.m2\repository\org\springframework\boot\spring-boot-starter-web\2.0.4.RELEASE\spring-boot-starter-web-2.0.4.RELEASE.jar;C:\Users\win 10\.m2\repository\org\springframework\boot\spring-boot-starter-json\2.0.4.RELEASE\spring-boot-starter-json-2.0.4.RELEASE.jar;C:\Users\win 10\.m2\repository\com\fasterxml\jackson\core\jackson-databind\2.9.6\jackson-databind-2.9.6.jar;C:\Users\win 10\.m2\repository\com\fasterxml\jackson\core\jackson-core\2.9.6\jackson-core-2.9.6.jar;C:\Users\win 10\.m2\repository\com\fasterxml\jackson\datatype\jackson-datatype-jdk8\2.9.6\jackson-datatype-jdk8-2.9.6.jar;C:\Users\win 10\.m2\repository\com\fasterxml\jackson\datatype\jackson-datatype-jsr310\2.9.6\jackson-datatype-jsr310-2.9.6.jar;C:\Users\win 10\.m2\repository\com\fasterxml\jackson\module\jackson-module-parameter-names\2.9.6\jackson-module-parameter-names-2.9.6.jar;C:\Users\win 10\.m2\repository\org\springframework\boot\spring-boot-starter-tomcat\2.0.4.RELEASE\spring-boot-starter-tomcat-2.0.4.RELEASE.jar;C:\Users\win 10\.m2\repository\org\apache\tomcat\embed\tomcat-embed-core\8.5.32\tomcat-embed-core-8.5.32.jar;C:\Users\win 10\.m2\repository\org\apache\tomcat\embed\tomcat-embed-el\8.5.32\tomcat-embed-el-8.5.32.jar;C:\Users\win 10\.m2\repository\org\apache\tomcat\embed\tomcat-embed-websocket\8.5.32\tomcat-embed-websocket-8.5.32.jar;C:\Users\win 10\.m2\repository\org\hibernate\validator\hibernate-validator\6.0.11.Final\hibernate-validator-6.0.11.Final.jar;C:\Users\win 10\.m2\repository\javax\validation\validation-api\2.0.1.Final\validation-api-2.0.1.Final.jar;C:\Users\win 10\.m2\repository\org\jboss\logging\jboss-logging\3.3.2.Final\jboss-logging-3.3.2.Final.jar;C:\Users\win 10\.m2\repository\org\springframework\spring-web\5.0.8.RELEASE\spring-web-5.0.8.RELEASE.jar;C:\Users\win 10\.m2\repository\org\springframework\spring-webmvc\5.0.8.RELEASE\spring-webmvc-5.0.8.RELEASE.jar;C:\Users\win 10\.m2\repository\org\springframework\spring-aop\5.0.8.RELEASE\spring-aop-5.0.8.RELEASE.jar;C:\Users\win 10\.m2\repository\org\springframework\spring-context\5.0.8.RELEASE\spring-context-5.0.8.RELEASE.jar;C:\Users\win 10\.m2\repository\org\springframework\spring-expression\5.0.8.RELEASE\spring-expression-5.0.8.RELEASE.jar;C:\Users\win 10\.m2\repository\org\mybatis\spring\boot\mybatis-spring-boot-starter\1.3.2\mybatis-spring-boot-starter-1.3.2.jar;C:\Users\win 10\.m2\repository\org\mybatis\spring\boot\mybatis-spring-boot-autoconfigure\1.3.2\mybatis-spring-boot-autoconfigure-1.3.2.jar;C:\Users\win 10\.m2\repository\org\mybatis\mybatis-spring\1.3.2\mybatis-spring-1.3.2.jar;C:\Users\win 10\.m2\repository\mysql\mysql-connector-java\5.1.46\mysql-connector-java-5.1.46.jar;C:\Users\win 10\.m2\repository\org\springframework\boot\spring-boot-starter-test\2.0.4.RELEASE\spring-boot-starter-test-2.0.4.RELEASE.jar;C:\Users\win 10\.m2\repository\org\springframework\boot\spring-boot-test\2.0.4.RELEASE\spring-boot-test-2.0.4.RELEASE.jar;C:\Users\win 10\.m2\repository\org\springframework\boot\spring-boot-test-autoconfigure\2.0.4.RELEASE\spring-boot-test-autoconfigure-2.0.4.RELEASE.jar;C:\Users\win 10\.m2\repository\com\jayway\jsonpath\json-path\2.4.0\json-path-2.4.0.jar;C:\Users\win 10\.m2\repository\net\minidev\json-smart\2.3\json-smart-2.3.jar;C:\Users\win 10\.m2\repository\net\minidev\accessors-smart\1.2\accessors-smart-1.2.jar;C:\Users\win 10\.m2\repository\org\ow2\asm\asm\5.0.4\asm-5.0.4.jar;C:\Users\win 10\.m2\repository\junit\junit\4.12\junit-4.12.jar;C:\Users\win 10\.m2\repository\org\assertj\assertj-core\3.9.1\assertj-core-3.9.1.jar;C:\Users\win 10\.m2\repository\org\mockito\mockito-core\2.15.0\mockito-core-2.15.0.jar;C:\Users\win 10\.m2\repository\net\bytebuddy\byte-buddy\1.7.11\byte-buddy-1.7.11.jar;C:\Users\win 10\.m2\repository\net\bytebuddy\byte-buddy-agent\1.7.11\byte-buddy-agent-1.7.11.jar;C:\Users\win 10\.m2\repository\org\objenesis\objenesis\2.6\objenesis-2.6.jar;C:\Users\win 10\.m2\repository\org\hamcrest\hamcrest-core\1.3\hamcrest-core-1.3.jar;C:\Users\win 10\.m2\repository\org\hamcrest\hamcrest-library\1.3\hamcrest-library-1.3.jar;C:\Users\win 10\.m2\repository\org\skyscreamer\jsonassert\1.5.0\jsonassert-1.5.0.jar;C:\Users\win 10\.m2\repository\com\vaadin\external\google\android-json\0.0.20131108.vaadin1\android-json-0.0.20131108.vaadin1.jar;C:\Users\win 10\.m2\repository\org\springframework\spring-core\5.0.8.RELEASE\spring-core-5.0.8.RELEASE.jar;C:\Users\win 10\.m2\repository\org\springframework\spring-jcl\5.0.8.RELEASE\spring-jcl-5.0.8.RELEASE.jar;C:\Users\win 10\.m2\repository\org\springframework\spring-test\5.0.8.RELEASE\spring-test-5.0.8.RELEASE.jar;C:\Users\win 10\.m2\repository\org\xmlunit\xmlunit-core\2.5.1\xmlunit-core-2.5.1.jar;C:\Users\win 10\.m2\repository\org\mybatis\mybatis\3.4.4\mybatis-3.4.4.jar;C:\Users\win 10\.m2\repository\org\flywaydb\flyway-core\5.1.4\flyway-core-5.1.4.jar;C:\Users\win 10\.m2\repository\com\alibaba\fastjson\1.2.49\fastjson-1.2.49.jar;C:\Users\win 10\.m2\repository\org\apache\shiro\shiro-spring\1.3.2\shiro-spring-1.3.2.jar;C:\Users\win 10\.m2\repository\org\apache\shiro\shiro-core\1.3.2\shiro-core-1.3.2.jar;C:\Users\win 10\.m2\repository\commons-beanutils\commons-beanutils\1.8.3\commons-beanutils-1.8.3.jar;C:\Users\win 10\.m2\repository\org\apache\shiro\shiro-web\1.3.2\shiro-web-1.3.2.jar;C:\Users\win 10\.m2\repository\org\jodd\jodd-core\3.8.1\jodd-core-3.8.1.jar;C:\Users\win 10\.m2\repository\com\google\code\gson\gson\2.7\gson-2.7.jar;C:\Users\win 10\.m2\repository\javax\servlet\javax.servlet-api\3.1.0\javax.servlet-api-3.1.0.jar;C:\Users\win 10\.m2\repository\io\springfox\springfox-swagger2\2.8.0\springfox-swagger2-2.8.0.jar;C:\Users\win 10\.m2\repository\io\swagger\swagger-annotations\1.5.14\swagger-annotations-1.5.14.jar;C:\Users\win 10\.m2\repository\io\swagger\swagger-models\1.5.14\swagger-models-1.5.14.jar;C:\Users\win 10\.m2\repository\com\fasterxml\jackson\core\jackson-annotations\2.9.0\jackson-annotations-2.9.0.jar;C:\Users\win 10\.m2\repository\io\springfox\springfox-spi\2.8.0\springfox-spi-2.8.0.jar;C:\Users\win 10\.m2\repository\io\springfox\springfox-core\2.8.0\springfox-core-2.8.0.jar;C:\Users\win 10\.m2\repository\io\springfox\springfox-schema\2.8.0\springfox-schema-2.8.0.jar;C:\Users\win 10\.m2\repository\io\springfox\springfox-swagger-common\2.8.0\springfox-swagger-common-2.8.0.jar;C:\Users\win 10\.m2\repository\io\springfox\springfox-spring-web\2.8.0\springfox-spring-web-2.8.0.jar;C:\Users\win 10\.m2\repository\org\reflections\reflections\0.9.11\reflections-0.9.11.jar;C:\Users\win 10\.m2\repository\org\javassist\javassist\3.21.0-GA\javassist-3.21.0-GA.jar;C:\Users\win 10\.m2\repository\com\google\guava\guava\20.0\guava-20.0.jar;C:\Users\win 10\.m2\repository\com\fasterxml\classmate\1.3.4\classmate-1.3.4.jar;C:\Users\win 10\.m2\repository\org\slf4j\slf4j-api\1.7.25\slf4j-api-1.7.25.jar;C:\Users\win 10\.m2\repository\org\springframework\plugin\spring-plugin-core\1.2.0.RELEASE\spring-plugin-core-1.2.0.RELEASE.jar;C:\Users\win 10\.m2\repository\org\springframework\plugin\spring-plugin-metadata\1.2.0.RELEASE\spring-plugin-metadata-1.2.0.RELEASE.jar;C:\Users\win 10\.m2\repository\org\mapstruct\mapstruct\1.2.0.Final\mapstruct-1.2.0.Final.jar;C:\Users\win 10\.m2\repository\io\springfox\springfox-swagger-ui\2.8.0\springfox-swagger-ui-2.8.0.jar;C:\Users\win 10\.m2\repository\org\jsoup\jsoup\1.11.3\jsoup-1.11.3.jar;"/>
    <property name="java.vm.vendor" value="Oracle Corporation"/>
    <property name="sun.arch.data.model" value="64"/>
    <property name="user.variant" value=""/>
    <property name="java.vendor.url" value="http://java.oracle.com/"/>
    <property name="user.timezone" value=""/>
    <property name="java.vm.specification.version" value="1.8"/>
    <property name="os.name" value="Windows 10"/>
    <property name="user.country" value="CN"/>
    <property name="sun.java.launcher" value="SUN_STANDARD"/>
    <property name="sun.boot.library.path" value="E:\Java\jdk1.8.0_91\jre\bin"/>
    <property name="sun.java.command" value="C:\Users\WIN10~1\AppData\Local\Temp\surefire1148335103546869136\surefirebooter1917987798300660051.jar C:\Users\win 10\AppData\Local\Temp\surefire1148335103546869136 2018-11-20T18-09-07_127-jvmRun1 surefire8702316180158009499tmp surefire_01474937301581720616tmp"/>
    <property name="surefire.test.class.path" value="E:\code\server\wisdomreport\target\test-classes;E:\code\server\wisdomreport\target\classes;C:\Users\win 10\.m2\repository\org\springframework\boot\spring-boot-starter-jdbc\2.0.4.RELEASE\spring-boot-starter-jdbc-2.0.4.RELEASE.jar;C:\Users\win 10\.m2\repository\org\springframework\boot\spring-boot-starter\2.0.4.RELEASE\spring-boot-starter-2.0.4.RELEASE.jar;C:\Users\win 10\.m2\repository\org\springframework\boot\spring-boot\2.0.4.RELEASE\spring-boot-2.0.4.RELEASE.jar;C:\Users\win 10\.m2\repository\org\springframework\boot\spring-boot-autoconfigure\2.0.4.RELEASE\spring-boot-autoconfigure-2.0.4.RELEASE.jar;C:\Users\win 10\.m2\repository\org\springframework\boot\spring-boot-starter-logging\2.0.4.RELEASE\spring-boot-starter-logging-2.0.4.RELEASE.jar;C:\Users\win 10\.m2\repository\ch\qos\logback\logback-classic\1.2.3\logback-classic-1.2.3.jar;C:\Users\win 10\.m2\repository\ch\qos\logback\logback-core\1.2.3\logback-core-1.2.3.jar;C:\Users\win 10\.m2\repository\org\apache\logging\log4j\log4j-to-slf4j\2.10.0\log4j-to-slf4j-2.10.0.jar;C:\Users\win 10\.m2\repository\org\apache\logging\log4j\log4j-api\2.10.0\log4j-api-2.10.0.jar;C:\Users\win 10\.m2\repository\org\slf4j\jul-to-slf4j\1.7.25\jul-to-slf4j-1.7.25.jar;C:\Users\win 10\.m2\repository\javax\annotation\javax.annotation-api\1.3.2\javax.annotation-api-1.3.2.jar;C:\Users\win 10\.m2\repository\org\yaml\snakeyaml\1.19\snakeyaml-1.19.jar;C:\Users\win 10\.m2\repository\com\zaxxer\HikariCP\2.7.9\HikariCP-2.7.9.jar;C:\Users\win 10\.m2\repository\org\springframework\spring-jdbc\5.0.8.RELEASE\spring-jdbc-5.0.8.RELEASE.jar;C:\Users\win 10\.m2\repository\org\springframework\spring-beans\5.0.8.RELEASE\spring-beans-5.0.8.RELEASE.jar;C:\Users\win 10\.m2\repository\org\springframework\spring-tx\5.0.8.RELEASE\spring-tx-5.0.8.RELEASE.jar;C:\Users\win 10\.m2\repository\org\springframework\boot\spring-boot-starter-thymeleaf\2.0.4.RELEASE\spring-boot-starter-thymeleaf-2.0.4.RELEASE.jar;C:\Users\win 10\.m2\repository\org\thymeleaf\thymeleaf-spring5\3.0.9.RELEASE\thymeleaf-spring5-3.0.9.RELEASE.jar;C:\Users\win 10\.m2\repository\org\thymeleaf\thymeleaf\3.0.9.RELEASE\thymeleaf-3.0.9.RELEASE.jar;C:\Users\win 10\.m2\repository\org\attoparser\attoparser\2.0.4.RELEASE\attoparser-2.0.4.RELEASE.jar;C:\Users\win 10\.m2\repository\org\unbescape\unbescape\1.1.5.RELEASE\unbescape-1.1.5.RELEASE.jar;C:\Users\win 10\.m2\repository\org\thymeleaf\extras\thymeleaf-extras-java8time\3.0.1.RELEASE\thymeleaf-extras-java8time-3.0.1.RELEASE.jar;C:\Users\win 10\.m2\repository\org\springframework\boot\spring-boot-starter-web\2.0.4.RELEASE\spring-boot-starter-web-2.0.4.RELEASE.jar;C:\Users\win 10\.m2\repository\org\springframework\boot\spring-boot-starter-json\2.0.4.RELEASE\spring-boot-starter-json-2.0.4.RELEASE.jar;C:\Users\win 10\.m2\repository\com\fasterxml\jackson\core\jackson-databind\2.9.6\jackson-databind-2.9.6.jar;C:\Users\win 10\.m2\repository\com\fasterxml\jackson\core\jackson-core\2.9.6\jackson-core-2.9.6.jar;C:\Users\win 10\.m2\repository\com\fasterxml\jackson\datatype\jackson-datatype-jdk8\2.9.6\jackson-datatype-jdk8-2.9.6.jar;C:\Users\win 10\.m2\repository\com\fasterxml\jackson\datatype\jackson-datatype-jsr310\2.9.6\jackson-datatype-jsr310-2.9.6.jar;C:\Users\win 10\.m2\repository\com\fasterxml\jackson\module\jackson-module-parameter-names\2.9.6\jackson-module-parameter-names-2.9.6.jar;C:\Users\win 10\.m2\repository\org\springframework\boot\spring-boot-starter-tomcat\2.0.4.RELEASE\spring-boot-starter-tomcat-2.0.4.RELEASE.jar;C:\Users\win 10\.m2\repository\org\apache\tomcat\embed\tomcat-embed-core\8.5.32\tomcat-embed-core-8.5.32.jar;C:\Users\win 10\.m2\repository\org\apache\tomcat\embed\tomcat-embed-el\8.5.32\tomcat-embed-el-8.5.32.jar;C:\Users\win 10\.m2\repository\org\apache\tomcat\embed\tomcat-embed-websocket\8.5.32\tomcat-embed-websocket-8.5.32.jar;C:\Users\win 10\.m2\repository\org\hibernate\validator\hibernate-validator\6.0.11.Final\hibernate-validator-6.0.11.Final.jar;C:\Users\win 10\.m2\repository\javax\validation\validation-api\2.0.1.Final\validation-api-2.0.1.Final.jar;C:\Users\win 10\.m2\repository\org\jboss\logging\jboss-logging\3.3.2.Final\jboss-logging-3.3.2.Final.jar;C:\Users\win 10\.m2\repository\org\springframework\spring-web\5.0.8.RELEASE\spring-web-5.0.8.RELEASE.jar;C:\Users\win 10\.m2\repository\org\springframework\spring-webmvc\5.0.8.RELEASE\spring-webmvc-5.0.8.RELEASE.jar;C:\Users\win 10\.m2\repository\org\springframework\spring-aop\5.0.8.RELEASE\spring-aop-5.0.8.RELEASE.jar;C:\Users\win 10\.m2\repository\org\springframework\spring-context\5.0.8.RELEASE\spring-context-5.0.8.RELEASE.jar;C:\Users\win 10\.m2\repository\org\springframework\spring-expression\5.0.8.RELEASE\spring-expression-5.0.8.RELEASE.jar;C:\Users\win 10\.m2\repository\org\mybatis\spring\boot\mybatis-spring-boot-starter\1.3.2\mybatis-spring-boot-starter-1.3.2.jar;C:\Users\win 10\.m2\repository\org\mybatis\spring\boot\mybatis-spring-boot-autoconfigure\1.3.2\mybatis-spring-boot-autoconfigure-1.3.2.jar;C:\Users\win 10\.m2\repository\org\mybatis\mybatis-spring\1.3.2\mybatis-spring-1.3.2.jar;C:\Users\win 10\.m2\repository\mysql\mysql-connector-java\5.1.46\mysql-connector-java-5.1.46.jar;C:\Users\win 10\.m2\repository\org\springframework\boot\spring-boot-starter-test\2.0.4.RELEASE\spring-boot-starter-test-2.0.4.RELEASE.jar;C:\Users\win 10\.m2\repository\org\springframework\boot\spring-boot-test\2.0.4.RELEASE\spring-boot-test-2.0.4.RELEASE.jar;C:\Users\win 10\.m2\repository\org\springframework\boot\spring-boot-test-autoconfigure\2.0.4.RELEASE\spring-boot-test-autoconfigure-2.0.4.RELEASE.jar;C:\Users\win 10\.m2\repository\com\jayway\jsonpath\json-path\2.4.0\json-path-2.4.0.jar;C:\Users\win 10\.m2\repository\net\minidev\json-smart\2.3\json-smart-2.3.jar;C:\Users\win 10\.m2\repository\net\minidev\accessors-smart\1.2\accessors-smart-1.2.jar;C:\Users\win 10\.m2\repository\org\ow2\asm\asm\5.0.4\asm-5.0.4.jar;C:\Users\win 10\.m2\repository\junit\junit\4.12\junit-4.12.jar;C:\Users\win 10\.m2\repository\org\assertj\assertj-core\3.9.1\assertj-core-3.9.1.jar;C:\Users\win 10\.m2\repository\org\mockito\mockito-core\2.15.0\mockito-core-2.15.0.jar;C:\Users\win 10\.m2\repository\net\bytebuddy\byte-buddy\1.7.11\byte-buddy-1.7.11.jar;C:\Users\win 10\.m2\repository\net\bytebuddy\byte-buddy-agent\1.7.11\byte-buddy-agent-1.7.11.jar;C:\Users\win 10\.m2\repository\org\objenesis\objenesis\2.6\objenesis-2.6.jar;C:\Users\win 10\.m2\repository\org\hamcrest\hamcrest-core\1.3\hamcrest-core-1.3.jar;C:\Users\win 10\.m2\repository\org\hamcrest\hamcrest-library\1.3\hamcrest-library-1.3.jar;C:\Users\win 10\.m2\repository\org\skyscreamer\jsonassert\1.5.0\jsonassert-1.5.0.jar;C:\Users\win 10\.m2\repository\com\vaadin\external\google\android-json\0.0.20131108.vaadin1\android-json-0.0.20131108.vaadin1.jar;C:\Users\win 10\.m2\repository\org\springframework\spring-core\5.0.8.RELEASE\spring-core-5.0.8.RELEASE.jar;C:\Users\win 10\.m2\repository\org\springframework\spring-jcl\5.0.8.RELEASE\spring-jcl-5.0.8.RELEASE.jar;C:\Users\win 10\.m2\repository\org\springframework\spring-test\5.0.8.RELEASE\spring-test-5.0.8.RELEASE.jar;C:\Users\win 10\.m2\repository\org\xmlunit\xmlunit-core\2.5.1\xmlunit-core-2.5.1.jar;C:\Users\win 10\.m2\repository\org\mybatis\mybatis\3.4.4\mybatis-3.4.4.jar;C:\Users\win 10\.m2\repository\org\flywaydb\flyway-core\5.1.4\flyway-core-5.1.4.jar;C:\Users\win 10\.m2\repository\com\alibaba\fastjson\1.2.49\fastjson-1.2.49.jar;C:\Users\win 10\.m2\repository\org\apache\shiro\shiro-spring\1.3.2\shiro-spring-1.3.2.jar;C:\Users\win 10\.m2\repository\org\apache\shiro\shiro-core\1.3.2\shiro-core-1.3.2.jar;C:\Users\win 10\.m2\repository\commons-beanutils\commons-beanutils\1.8.3\commons-beanutils-1.8.3.jar;C:\Users\win 10\.m2\repository\org\apache\shiro\shiro-web\1.3.2\shiro-web-1.3.2.jar;C:\Users\win 10\.m2\repository\org\jodd\jodd-core\3.8.1\jodd-core-3.8.1.jar;C:\Users\win 10\.m2\repository\com\google\code\gson\gson\2.7\gson-2.7.jar;C:\Users\win 10\.m2\repository\javax\servlet\javax.servlet-api\3.1.0\javax.servlet-api-3.1.0.jar;C:\Users\win 10\.m2\repository\io\springfox\springfox-swagger2\2.8.0\springfox-swagger2-2.8.0.jar;C:\Users\win 10\.m2\repository\io\swagger\swagger-annotations\1.5.14\swagger-annotations-1.5.14.jar;C:\Users\win 10\.m2\repository\io\swagger\swagger-models\1.5.14\swagger-models-1.5.14.jar;C:\Users\win 10\.m2\repository\com\fasterxml\jackson\core\jackson-annotations\2.9.0\jackson-annotations-2.9.0.jar;C:\Users\win 10\.m2\repository\io\springfox\springfox-spi\2.8.0\springfox-spi-2.8.0.jar;C:\Users\win 10\.m2\repository\io\springfox\springfox-core\2.8.0\springfox-core-2.8.0.jar;C:\Users\win 10\.m2\repository\io\springfox\springfox-schema\2.8.0\springfox-schema-2.8.0.jar;C:\Users\win 10\.m2\repository\io\springfox\springfox-swagger-common\2.8.0\springfox-swagger-common-2.8.0.jar;C:\Users\win 10\.m2\repository\io\springfox\springfox-spring-web\2.8.0\springfox-spring-web-2.8.0.jar;C:\Users\win 10\.m2\repository\org\reflections\reflections\0.9.11\reflections-0.9.11.jar;C:\Users\win 10\.m2\repository\org\javassist\javassist\3.21.0-GA\javassist-3.21.0-GA.jar;C:\Users\win 10\.m2\repository\com\google\guava\guava\20.0\guava-20.0.jar;C:\Users\win 10\.m2\repository\com\fasterxml\classmate\1.3.4\classmate-1.3.4.jar;C:\Users\win 10\.m2\repository\org\slf4j\slf4j-api\1.7.25\slf4j-api-1.7.25.jar;C:\Users\win 10\.m2\repository\org\springframework\plugin\spring-plugin-core\1.2.0.RELEASE\spring-plugin-core-1.2.0.RELEASE.jar;C:\Users\win 10\.m2\repository\org\springframework\plugin\spring-plugin-metadata\1.2.0.RELEASE\spring-plugin-metadata-1.2.0.RELEASE.jar;C:\Users\win 10\.m2\repository\org\mapstruct\mapstruct\1.2.0.Final\mapstruct-1.2.0.Final.jar;C:\Users\win 10\.m2\repository\io\springfox\springfox-swagger-ui\2.8.0\springfox-swagger-ui-2.8.0.jar;C:\Users\win 10\.m2\repository\org\jsoup\jsoup\1.11.3\jsoup-1.11.3.jar;"/>
    <property name="sun.cpu.endian" value="little"/>
    <property name="user.home" value="C:\Users\win 10"/>
    <property name="user.language" value="zh"/>
    <property name="java.specification.vendor" value="Oracle Corporation"/>
    <property name="java.home" value="E:\Java\jdk1.8.0_91\jre"/>
    <property name="basedir" value="E:\code\server\wisdomreport"/>
    <property name="file.separator" value="\"/>
    <property name="line.separator" value="&#10;"/>
    <property name="java.vm.specification.vendor" value="Oracle Corporation"/>
    <property name="java.specification.name" value="Java Platform API Specification"/>
    <property name="java.awt.graphicsenv" value="sun.awt.Win32GraphicsEnvironment"/>
    <property name="surefire.real.class.path" value="C:\Users\WIN10~1\AppData\Local\Temp\surefire1148335103546869136\surefirebooter1917987798300660051.jar"/>
    <property name="sun.boot.class.path" value="E:\Java\jdk1.8.0_91\jre\lib\resources.jar;E:\Java\jdk1.8.0_91\jre\lib\rt.jar;E:\Java\jdk1.8.0_91\jre\lib\sunrsasign.jar;E:\Java\jdk1.8.0_91\jre\lib\jsse.jar;E:\Java\jdk1.8.0_91\jre\lib\jce.jar;E:\Java\jdk1.8.0_91\jre\lib\charsets.jar;E:\Java\jdk1.8.0_91\jre\lib\jfr.jar;E:\Java\jdk1.8.0_91\jre\classes"/>
    <property name="user.script" value=""/>
    <property name="sun.management.compiler" value="HotSpot 64-Bit Tiered Compilers"/>
    <property name="java.runtime.version" value="1.8.0_91-b15"/>
    <property name="user.name" value="win 10"/>
    <property name="path.separator" value=";"/>
    <property name="os.version" value="10.0"/>
    <property name="java.endorsed.dirs" value="E:\Java\jdk1.8.0_91\jre\lib\endorsed"/>
    <property name="java.runtime.name" value="Java(TM) SE Runtime Environment"/>
    <property name="file.encoding" value="GBK"/>
    <property name="java.vm.name" value="Java HotSpot(TM) 64-Bit Server VM"/>
    <property name="localRepository" value="C:\Users\win 10\.m2\repository"/>
    <property name="java.vendor.url.bug" value="http://bugreport.sun.com/bugreport/"/>
    <property name="java.io.tmpdir" value="C:\Users\WIN10~1\AppData\Local\Temp\"/>
    <property name="idea.version" value="2018.2.5"/>
    <property name="java.version" value="1.8.0_91"/>
    <property name="user.dir" value="E:\code\server\wisdomreport"/>
    <property name="os.arch" value="amd64"/>
    <property name="java.vm.specification.name" value="Java Virtual Machine Specification"/>
    <property name="java.awt.printerjob" value="sun.awt.windows.WPrinterJob"/>
    <property name="sun.os.patch.level" value=""/>
    <property name="java.library.path" value="E:\Java\jdk1.8.0_91\jre\bin;C:\WINDOWS\Sun\Java\bin;C:\WINDOWS\system32;C:\WINDOWS;C:\ProgramData\Oracle\Java\javapath;C:\WINDOWS\system32;C:\WINDOWS;C:\WINDOWS\System32\Wbem;C:\WINDOWS\System32\WindowsPowerShell\v1.0\;C:\Program Files (x86)\NVIDIA Corporation\PhysX\Common;E:\software\VisualSVN\bin;E:\software\TortoiseSvn\bin;%JAVA_HOME%\bin;%JAVA_HOME%\jre\bin;E:\software\nodejs\;E:\software\Git\cmd;%MAVEN_HOME%\bin;C:\Users\win 10\AppData\Local\Microsoft\WindowsApps;C:\Users\win 10\AppData\Roaming\npm;C:\Program Files\MySQL\MySQL Server 8.0\bin;E:\Java\apache-maven-3.6.0-bin\apache-maven-3.6.0\bin;."/>
    <property name="java.vm.info" value="mixed mode"/>
    <property name="java.vendor" value="Oracle Corporation"/>
    <property name="java.vm.version" value="25.91-b15"/>
    <property name="java.ext.dirs" value="E:\Java\jdk1.8.0_91\jre\lib\ext;C:\WINDOWS\Sun\Java\lib\ext"/>
    <property name="sun.io.unicode.encoding" value="UnicodeLittle"/>
    <property name="java.class.version" value="52.0"/>
  </properties>
  <testcase name="doWorkflow" classname="com.wslint.wisdomreport.service.workflow.impl.WorkflowRecordServiceImplTest" time="0.275">
    <error message="&#10;### Error updating database.  Cause: com.mysql.jdbc.exceptions.jdbc4.MySQLSyntaxErrorException: You have an error in your SQL syntax; check the manual that corresponds to your MySQL server version for the right syntax to use near &apos;update data_record set  data = &apos;102_old_data&apos;, status = 1, next_operator = null,&apos; at line 1&#10;### The error may involve com.wslint.wisdomreport.dao.data.DataRecordDao.batchUpdateRecordData-Inline&#10;### The error occurred while setting parameters&#10;### SQL: update data_record set  data = ?, status = ?, next_operator = ?,  modify_user = ?, gmt_modified = ?  where id = ?  ;  update data_record set  data = ?, status = ?, next_operator = ?,  modify_user = ?, gmt_modified = ?  where id = ?  ;  update data_record set  data = ?, status = ?, next_operator = ?,  modify_user = ?, gmt_modified = ?  where id = ?  ;  update data_record set  data = ?, status = ?, next_operator = ?,  modify_user = ?, gmt_modified = ?  where id = ?  ;  update data_record set  data = ?, status = ?, next_operator = ?,  modify_user = ?, gmt_modified = ?  where id = ?  ;  update data_record set  data = ?, status = ?, next_operator = ?,  modify_user = ?, gmt_modified = ?  where id = ?  ;  update data_record set  data = ?, status = ?, next_operator = ?,  modify_user = ?, gmt_modified = ?  where id = ?  ;  update data_record set  data = ?, status = ?, next_operator = ?,  modify_user = ?, gmt_modified = ?  where id = ?  ;  update data_record set  data = ?, status = ?, next_operator = ?,  modify_user = ?, gmt_modified = ?  where id = ?  ;  update data_record set  data = ?, status = ?, next_operator = ?,  modify_user = ?, gmt_modified = ?  where id = ?  ;  update data_record set  data = ?, status = ?, next_operator = ?,  modify_user = ?, gmt_modified = ?  where id = ?  ;  update data_record set  data = ?, status = ?, next_operator = ?,  modify_user = ?, gmt_modified = ?  where id = ?  ;  update data_record set  data = ?, status = ?, next_operator = ?,  modify_user = ?, gmt_modified = ?  where id = ?  ;  update data_record set  data = ?, status = ?, next_operator = ?,  modify_user = ?, gmt_modified = ?  where id = ?  ;  update data_record set  data = ?, status = ?, next_operator = ?,  modify_user = ?, gmt_modified = ?  where id = ?  ;  update data_record set  data = ?, status = ?, next_operator = ?,  modify_user = ?, gmt_modified = ?  where id = ?  ;  update data_record set  data = ?, status = ?, next_operator = ?,  modify_user = ?, gmt_modified = ?  where id = ?  ;  update data_record set  data = ?, status = ?, next_operator = ?,  modify_user = ?, gmt_modified = ?  where id = ?  ;  update data_record set  data = ?, status = ?, next_operator = ?,  modify_user = ?, gmt_modified = ?  where id = ?  ;  update data_record set  data = ?, status = ?, next_operator = ?,  modify_user = ?, gmt_modified = ?  where id = ?&#10;### Cause: com.mysql.jdbc.exceptions.jdbc4.MySQLSyntaxErrorException: You have an error in your SQL syntax; check the manual that corresponds to your MySQL server version for the right syntax to use near &apos;update data_record set  data = &apos;102_old_data&apos;, status = 1, next_operator = null,&apos; at line 1&#10;; bad SQL grammar []; nested exception is com.mysql.jdbc.exceptions.jdbc4.MySQLSyntaxErrorException: You have an error in your SQL syntax; check the manual that corresponds to your MySQL server version for the right syntax to use near &apos;update data_record set  data = &apos;102_old_data&apos;, status = 1, next_operator = null,&apos; at line 1" type="org.springframework.jdbc.BadSqlGrammarException">org.springframework.jdbc.BadSqlGrammarException: 

### Error updating database.  Cause: com.mysql.jdbc.exceptions.jdbc4.MySQLSyntaxErrorException: You have an error in your SQL syntax; check the manual that corresponds to your MySQL server version for the right syntax to use near 'update data_record set  data = '102_old_data', status = 1, next_operator = null,' at line 1
### The error may involve com.wslint.wisdomreport.dao.data.DataRecordDao.batchUpdateRecordData-Inline
### The error occurred while setting parameters
### SQL: update data_record set  data = ?, status = ?, next_operator = ?,  modify_user = ?, gmt_modified = ?  where id = ?  ;  update data_record set  data = ?, status = ?, next_operator = ?,  modify_user = ?, gmt_modified = ?  where id = ?  ;  update data_record set  data = ?, status = ?, next_operator = ?,  modify_user = ?, gmt_modified = ?  where id = ?  ;  update data_record set  data = ?, status = ?, next_operator = ?,  modify_user = ?, gmt_modified = ?  where id = ?  ;  update data_record set  data = ?, status = ?, next_operator = ?,  modify_user = ?, gmt_modified = ?  where id = ?  ;  update data_record set  data = ?, status = ?, next_operator = ?,  modify_user = ?, gmt_modified = ?  where id = ?  ;  update data_record set  data = ?, status = ?, next_operator = ?,  modify_user = ?, gmt_modified = ?  where id = ?  ;  update data_record set  data = ?, status = ?, next_operator = ?,  modify_user = ?, gmt_modified = ?  where id = ?  ;  update data_record set  data = ?, status = ?, next_operator = ?,  modify_user = ?, gmt_modified = ?  where id = ?  ;  update data_record set  data = ?, status = ?, next_operator = ?,  modify_user = ?, gmt_modified = ?  where id = ?  ;  update data_record set  data = ?, status = ?, next_operator = ?,  modify_user = ?, gmt_modified = ?  where id = ?  ;  update data_record set  data = ?, status = ?, next_operator = ?,  modify_user = ?, gmt_modified = ?  where id = ?  ;  update data_record set  data = ?, status = ?, next_operator = ?,  modify_user = ?, gmt_modified = ?  where id = ?  ;  update data_record set  data = ?, status = ?, next_operator = ?,  modify_user = ?, gmt_modified = ?  where id = ?  ;  update data_record set  data = ?, status = ?, next_operator = ?,  modify_user = ?, gmt_modified = ?  where id = ?  ;  update data_record set  data = ?, status = ?, next_operator = ?,  modify_user = ?, gmt_modified = ?  where id = ?  ;  update data_record set  data = ?, status = ?, next_operator = ?,  modify_user = ?, gmt_modified = ?  where id = ?  ;  update data_record set  data = ?, status = ?, next_operator = ?,  modify_user = ?, gmt_modified = ?  where id = ?  ;  update data_record set  data = ?, status = ?, next_operator = ?,  modify_user = ?, gmt_modified = ?  where id = ?  ;  update data_record set  data = ?, status = ?, next_operator = ?,  modify_user = ?, gmt_modified = ?  where id = ?
### Cause: com.mysql.jdbc.exceptions.jdbc4.MySQLSyntaxErrorException: You have an error in your SQL syntax; check the manual that corresponds to your MySQL server version for the right syntax to use near 'update data_record set  data = '102_old_data', status = 1, next_operator = null,' at line 1
; bad SQL grammar []; nested exception is com.mysql.jdbc.exceptions.jdbc4.MySQLSyntaxErrorException: You have an error in your SQL syntax; check the manual that corresponds to your MySQL server version for the right syntax to use near 'update data_record set  data = '102_old_data', status = 1, next_operator = null,' at line 1
	at com.wslint.wisdomreport.service.workflow.impl.WorkflowRecordServiceImplTest.doWorkflow(WorkflowRecordServiceImplTest.java:57)
Caused by: com.mysql.jdbc.exceptions.jdbc4.MySQLSyntaxErrorException: You have an error in your SQL syntax; check the manual that corresponds to your MySQL server version for the right syntax to use near 'update data_record set  data = '102_old_data', status = 1, next_operator = null,' at line 1
	at com.wslint.wisdomreport.service.workflow.impl.WorkflowRecordServiceImplTest.doWorkflow(WorkflowRecordServiceImplTest.java:57)
</error>
    <system-out><![CDATA[2018-11-20 18:09:23.348  INFO 39232 --- [           main] .b.t.c.SpringBootTestContextBootstrapper : Neither @ContextConfiguration nor @ContextHierarchy found for test class [com.wslint.wisdomreport.service.workflow.impl.WorkflowRecordServiceImplTest], using SpringBootContextLoader
2018-11-20 18:09:23.349  INFO 39232 --- [           main] o.s.t.c.support.AbstractContextLoader    : Could not detect default resource locations for test class [com.wslint.wisdomreport.service.workflow.impl.WorkflowRecordServiceImplTest]: no resource found for suffixes {-context.xml, Context.groovy}.
2018-11-20 18:09:23.349  INFO 39232 --- [           main] t.c.s.AnnotationConfigContextLoaderUtils : Could not detect default configuration classes for test class [com.wslint.wisdomreport.service.workflow.impl.WorkflowRecordServiceImplTest]: WorkflowRecordServiceImplTest does not declare any static, non-private, non-final, nested classes annotated with @Configuration.
2018-11-20 18:09:23.365  INFO 39232 --- [           main] .b.t.c.SpringBootTestContextBootstrapper : Found @SpringBootConfiguration com.wslint.wisdomreport.WisdomReportApplication for test class com.wslint.wisdomreport.service.workflow.impl.WorkflowRecordServiceImplTest
2018-11-20 18:09:23.366  INFO 39232 --- [           main] .b.t.c.SpringBootTestContextBootstrapper : Loaded default TestExecutionListener class names from location [META-INF/spring.factories]: [org.springframework.boot.test.mock.mockito.MockitoTestExecutionListener, org.springframework.boot.test.mock.mockito.ResetMocksTestExecutionListener, org.springframework.boot.test.autoconfigure.restdocs.RestDocsTestExecutionListener, org.springframework.boot.test.autoconfigure.web.client.MockRestServiceServerResetTestExecutionListener, org.springframework.boot.test.autoconfigure.web.servlet.MockMvcPrintOnlyOnFailureTestExecutionListener, org.springframework.boot.test.autoconfigure.web.servlet.WebDriverTestExecutionListener, org.springframework.test.context.web.ServletTestExecutionListener, org.springframework.test.context.support.DirtiesContextBeforeModesTestExecutionListener, org.springframework.test.context.support.DependencyInjectionTestExecutionListener, org.springframework.test.context.support.DirtiesContextTestExecutionListener, org.springframework.test.context.transaction.TransactionalTestExecutionListener, org.springframework.test.context.jdbc.SqlScriptsTestExecutionListener]
2018-11-20 18:09:23.366  INFO 39232 --- [           main] .b.t.c.SpringBootTestContextBootstrapper : Using TestExecutionListeners: [org.springframework.test.context.web.ServletTestExecutionListener@7977f046, org.springframework.test.context.support.DirtiesContextBeforeModesTestExecutionListener@6ec98ccc, org.springframework.boot.test.mock.mockito.MockitoTestExecutionListener@441aa7ae, org.springframework.boot.test.autoconfigure.SpringBootDependencyInjectionTestExecutionListener@1534bdc6, org.springframework.test.context.support.DirtiesContextTestExecutionListener@53079ae6, org.springframework.test.context.transaction.TransactionalTestExecutionListener@718ad3a6, org.springframework.test.context.jdbc.SqlScriptsTestExecutionListener@603c2dee, org.springframework.boot.test.mock.mockito.ResetMocksTestExecutionListener@50d666a2, org.springframework.boot.test.autoconfigure.restdocs.RestDocsTestExecutionListener@3f6906f4, org.springframework.boot.test.autoconfigure.web.client.MockRestServiceServerResetTestExecutionListener@1859e55c, org.springframework.boot.test.autoconfigure.web.servlet.MockMvcPrintOnlyOnFailureTestExecutionListener@190bf8e4, org.springframework.boot.test.autoconfigure.web.servlet.WebDriverTestExecutionListener@7a8b7e11]
2018-11-20 18:09:23.379  INFO 39232 --- [           main] o.s.t.c.transaction.TransactionContext   : Began transaction (1) for test context [DefaultTestContext@36ecf9f6 testClass = WorkflowRecordServiceImplTest, testInstance = com.wslint.wisdomreport.service.workflow.impl.WorkflowRecordServiceImplTest@104bc677, testMethod = doWorkflow@WorkflowRecordServiceImplTest, testException = [null], mergedContextConfiguration = [WebMergedContextConfiguration@3bda1f0 testClass = WorkflowRecordServiceImplTest, locations = '{}', classes = '{class com.wslint.wisdomreport.WisdomReportApplication}', contextInitializerClasses = '[]', activeProfiles = '{}', propertySourceLocations = '{}', propertySourceProperties = '{org.springframework.boot.test.context.SpringBootTestContextBootstrapper=true}', contextCustomizers = set[org.springframework.boot.test.context.filter.ExcludeFilterContextCustomizer@2f7c2f4f, org.springframework.boot.test.json.DuplicateJsonObjectContextCustomizerFactory$DuplicateJsonObjectContextCustomizer@36c88a32, org.springframework.boot.test.mock.mockito.MockitoContextCustomizer@0, org.springframework.boot.test.web.client.TestRestTemplateContextCustomizer@3e2e18f2, org.springframework.boot.test.autoconfigure.properties.PropertyMappingContextCustomizer@0, org.springframework.boot.test.autoconfigure.web.servlet.WebDriverContextCustomizerFactory$Customizer@6a400542], resourceBasePath = 'src/main/webapp', contextLoader = 'org.springframework.boot.test.context.SpringBootContextLoader', parent = [null]], attributes = map['org.springframework.test.context.web.ServletTestExecutionListener.activateListener' -> true, 'org.springframework.test.context.web.ServletTestExecutionListener.populatedRequestContextHolder' -> true, 'org.springframework.test.context.web.ServletTestExecutionListener.resetRequestContextHolder' -> true]]; transaction manager [org.springframework.jdbc.datasource.DataSourceTransactionManager@74b97416]; rollback [true]
2018-11-20 18:09:23.380  INFO 39232 --- [           main] o.s.b.t.m.w.SpringBootMockServletContext : Initializing Spring FrameworkServlet ''
2018-11-20 18:09:23.380  INFO 39232 --- [           main] o.s.t.web.servlet.TestDispatcherServlet  : FrameworkServlet '': initialization started
2018-11-20 18:09:23.383  INFO 39232 --- [           main] o.s.t.web.servlet.TestDispatcherServlet  : FrameworkServlet '': initialization completed in 2 ms
2018-11-20 18:09:23.383  INFO 39232 --- [           main] c.w.wisdomreport.config.WslShiroRealm    : ------------------ 用户认证 start ------------------
2018-11-20 18:09:23.384  INFO 39232 --- [           main] c.w.wisdomreport.config.WslShiroRealm    : ------------------ admin 用户认证 ------------------
2018-11-20 18:09:23.384 DEBUG 39232 --- [           main] c.w.w.dao.user.UserDao.gerUserByCode     : ==>  Preparing: select * from user where user_code = ? 
2018-11-20 18:09:23.384 DEBUG 39232 --- [           main] c.w.w.dao.user.UserDao.gerUserByCode     : ==> Parameters: admin(String)
2018-11-20 18:09:23.385 DEBUG 39232 --- [           main] c.w.w.dao.user.UserDao.gerUserByCode     : <==      Total: 1
2018-11-20 18:09:23.385 DEBUG 39232 --- [           main] c.w.w.dao.user.UserDao.getRolesByUserId  : ==>  Preparing: select r.* from role r, user_role ur where r.id = ur.role_id and ur.user_id = ? 
2018-11-20 18:09:23.385 DEBUG 39232 --- [           main] c.w.w.dao.user.UserDao.getRolesByUserId  : ==> Parameters: 0(Long)
2018-11-20 18:09:23.385 DEBUG 39232 --- [           main] c.w.w.dao.user.UserDao.getRolesByUserId  : <==      Total: 1
2018-11-20 18:09:23.385 DEBUG 39232 --- [           main] c.w.w.d.u.R.getPermissionsByRoleId       : ==>  Preparing: select p.* from permission p, role_permission rp where p.id = rp.permission_id and rp.role_id = ? 
2018-11-20 18:09:23.385 DEBUG 39232 --- [           main] c.w.w.d.u.R.getPermissionsByRoleId       : ==> Parameters: 0(Long)
2018-11-20 18:09:23.385 DEBUG 39232 --- [           main] c.w.w.d.u.R.getPermissionsByRoleId       : <==      Total: 1
2018-11-20 18:09:23.386  INFO 39232 --- [           main] c.w.wisdomreport.config.WslShiroRealm    : ------------------ 用户认证 end ------------------
2018-11-20 18:09:23.452 DEBUG 39232 --- [           main] c.w.w.d.data.DataRecordDao.insertRecord  : ==>  Preparing: insert into data_record(id, order_id, class_id, batch_id, data, img_url, status, next_operator, gmt_create, gmt_modified, create_user, modify_user) values (?, ?, ?, ?, ?, ?, ?, ?, ?, ?, ?, ?) 
2018-11-20 18:09:23.452 DEBUG 39232 --- [           main] c.w.w.d.data.DataRecordDao.insertRecord  : ==> Parameters: 1000001(Long), -1(Long), -1(Long), -1(Long), 101_old_data(String), (String), 0(Integer), null, 2018-11-20 18:09:23.452(Timestamp), 2018-11-20 18:09:23.452(Timestamp), 0(Long), 0(Long)
2018-11-20 18:09:23.454 DEBUG 39232 --- [           main] c.w.w.d.data.DataRecordDao.insertRecord  : <==    Updates: 1
2018-11-20 18:09:23.454 DEBUG 39232 --- [           main] c.w.w.d.data.DataRecordDao.insertRecord  : ==>  Preparing: insert into data_record(id, order_id, class_id, batch_id, data, img_url, status, next_operator, gmt_create, gmt_modified, create_user, modify_user) values (?, ?, ?, ?, ?, ?, ?, ?, ?, ?, ?, ?) 
2018-11-20 18:09:23.454 DEBUG 39232 --- [           main] c.w.w.d.data.DataRecordDao.insertRecord  : ==> Parameters: 1000002(Long), -1(Long), -1(Long), -1(Long), 102_old_data(String), (String), 0(Integer), null, 2018-11-20 18:09:23.454(Timestamp), 2018-11-20 18:09:23.454(Timestamp), 0(Long), 0(Long)
2018-11-20 18:09:23.455 DEBUG 39232 --- [           main] c.w.w.d.data.DataRecordDao.insertRecord  : <==    Updates: 1
2018-11-20 18:09:23.455 DEBUG 39232 --- [           main] c.w.w.d.data.DataRecordDao.insertRecord  : ==>  Preparing: insert into data_record(id, order_id, class_id, batch_id, data, img_url, status, next_operator, gmt_create, gmt_modified, create_user, modify_user) values (?, ?, ?, ?, ?, ?, ?, ?, ?, ?, ?, ?) 
2018-11-20 18:09:23.455 DEBUG 39232 --- [           main] c.w.w.d.data.DataRecordDao.insertRecord  : ==> Parameters: 2000001(Long), -1(Long), -1(Long), -1(Long), 201_old_data(String), (String), 1(Integer), null, 2018-11-20 18:09:23.455(Timestamp), 2018-11-20 18:09:23.455(Timestamp), 0(Long), 0(Long)
2018-11-20 18:09:23.456 DEBUG 39232 --- [           main] c.w.w.d.data.DataRecordDao.insertRecord  : <==    Updates: 1
2018-11-20 18:09:23.456 DEBUG 39232 --- [           main] c.w.w.d.data.DataRecordDao.insertRecord  : ==>  Preparing: insert into data_record(id, order_id, class_id, batch_id, data, img_url, status, next_operator, gmt_create, gmt_modified, create_user, modify_user) values (?, ?, ?, ?, ?, ?, ?, ?, ?, ?, ?, ?) 
2018-11-20 18:09:23.456 DEBUG 39232 --- [           main] c.w.w.d.data.DataRecordDao.insertRecord  : ==> Parameters: 2000002(Long), -1(Long), -1(Long), -1(Long), 202_old_data(String), (String), 1(Integer), null, 2018-11-20 18:09:23.456(Timestamp), 2018-11-20 18:09:23.456(Timestamp), 0(Long), 0(Long)
2018-11-20 18:09:23.457 DEBUG 39232 --- [           main] c.w.w.d.data.DataRecordDao.insertRecord  : <==    Updates: 1
2018-11-20 18:09:23.457 DEBUG 39232 --- [           main] c.w.w.d.data.DataRecordDao.insertRecord  : ==>  Preparing: insert into data_record(id, order_id, class_id, batch_id, data, img_url, status, next_operator, gmt_create, gmt_modified, create_user, modify_user) values (?, ?, ?, ?, ?, ?, ?, ?, ?, ?, ?, ?) 
2018-11-20 18:09:23.457 DEBUG 39232 --- [           main] c.w.w.d.data.DataRecordDao.insertRecord  : ==> Parameters: 3000001(Long), -1(Long), -1(Long), -1(Long), 301_old_data(String), (String), 1(Integer), null, 2018-11-20 18:09:23.457(Timestamp), 2018-11-20 18:09:23.457(Timestamp), 0(Long), 0(Long)
2018-11-20 18:09:23.458 DEBUG 39232 --- [           main] c.w.w.d.data.DataRecordDao.insertRecord  : <==    Updates: 1
2018-11-20 18:09:23.458 DEBUG 39232 --- [           main] c.w.w.d.data.DataRecordDao.insertRecord  : ==>  Preparing: insert into data_record(id, order_id, class_id, batch_id, data, img_url, status, next_operator, gmt_create, gmt_modified, create_user, modify_user) values (?, ?, ?, ?, ?, ?, ?, ?, ?, ?, ?, ?) 
2018-11-20 18:09:23.458 DEBUG 39232 --- [           main] c.w.w.d.data.DataRecordDao.insertRecord  : ==> Parameters: 3000002(Long), -1(Long), -1(Long), -1(Long), 302_old_data(String), (String), 1(Integer), null, 2018-11-20 18:09:23.458(Timestamp), 2018-11-20 18:09:23.458(Timestamp), 0(Long), 0(Long)
2018-11-20 18:09:23.458 DEBUG 39232 --- [           main] c.w.w.d.data.DataRecordDao.insertRecord  : <==    Updates: 1
2018-11-20 18:09:23.459 DEBUG 39232 --- [           main] c.w.w.d.data.DataRecordDao.insertRecord  : ==>  Preparing: insert into data_record(id, order_id, class_id, batch_id, data, img_url, status, next_operator, gmt_create, gmt_modified, create_user, modify_user) values (?, ?, ?, ?, ?, ?, ?, ?, ?, ?, ?, ?) 
2018-11-20 18:09:23.459 DEBUG 39232 --- [           main] c.w.w.d.data.DataRecordDao.insertRecord  : ==> Parameters: 4000001(Long), -1(Long), -1(Long), -1(Long), 401_old_data(String), (String), 2(Integer), 0(Long), 2018-11-20 18:09:23.458(Timestamp), 2018-11-20 18:09:23.458(Timestamp), 0(Long), 0(Long)
2018-11-20 18:09:23.459 DEBUG 39232 --- [           main] c.w.w.d.data.DataRecordDao.insertRecord  : <==    Updates: 1
2018-11-20 18:09:23.459 DEBUG 39232 --- [           main] c.w.w.d.data.DataRecordDao.insertRecord  : ==>  Preparing: insert into data_record(id, order_id, class_id, batch_id, data, img_url, status, next_operator, gmt_create, gmt_modified, create_user, modify_user) values (?, ?, ?, ?, ?, ?, ?, ?, ?, ?, ?, ?) 
2018-11-20 18:09:23.460 DEBUG 39232 --- [           main] c.w.w.d.data.DataRecordDao.insertRecord  : ==> Parameters: 4000002(Long), -1(Long), -1(Long), -1(Long), 402_old_data(String), (String), 2(Integer), 0(Long), 2018-11-20 18:09:23.459(Timestamp), 2018-11-20 18:09:23.459(Timestamp), 0(Long), 0(Long)
2018-11-20 18:09:23.460 DEBUG 39232 --- [           main] c.w.w.d.data.DataRecordDao.insertRecord  : <==    Updates: 1
2018-11-20 18:09:23.460 DEBUG 39232 --- [           main] c.w.w.d.data.DataRecordDao.insertRecord  : ==>  Preparing: insert into data_record(id, order_id, class_id, batch_id, data, img_url, status, next_operator, gmt_create, gmt_modified, create_user, modify_user) values (?, ?, ?, ?, ?, ?, ?, ?, ?, ?, ?, ?) 
2018-11-20 18:09:23.460 DEBUG 39232 --- [           main] c.w.w.d.data.DataRecordDao.insertRecord  : ==> Parameters: 5000001(Long), -1(Long), -1(Long), -1(Long), 501_old_data(String), (String), 3(Integer), null, 2018-11-20 18:09:23.46(Timestamp), 2018-11-20 18:09:23.46(Timestamp), 0(Long), 0(Long)
2018-11-20 18:09:23.461 DEBUG 39232 --- [           main] c.w.w.d.data.DataRecordDao.insertRecord  : <==    Updates: 1
2018-11-20 18:09:23.461 DEBUG 39232 --- [           main] c.w.w.d.data.DataRecordDao.insertRecord  : ==>  Preparing: insert into data_record(id, order_id, class_id, batch_id, data, img_url, status, next_operator, gmt_create, gmt_modified, create_user, modify_user) values (?, ?, ?, ?, ?, ?, ?, ?, ?, ?, ?, ?) 
2018-11-20 18:09:23.461 DEBUG 39232 --- [           main] c.w.w.d.data.DataRecordDao.insertRecord  : ==> Parameters: 5000002(Long), -1(Long), -1(Long), -1(Long), 502_old_data(String), (String), 3(Integer), null, 2018-11-20 18:09:23.461(Timestamp), 2018-11-20 18:09:23.461(Timestamp), 0(Long), 0(Long)
2018-11-20 18:09:23.462 DEBUG 39232 --- [           main] c.w.w.d.data.DataRecordDao.insertRecord  : <==    Updates: 1
2018-11-20 18:09:23.462 DEBUG 39232 --- [           main] c.w.w.d.data.DataRecordDao.insertRecord  : ==>  Preparing: insert into data_record(id, order_id, class_id, batch_id, data, img_url, status, next_operator, gmt_create, gmt_modified, create_user, modify_user) values (?, ?, ?, ?, ?, ?, ?, ?, ?, ?, ?, ?) 
2018-11-20 18:09:23.462 DEBUG 39232 --- [           main] c.w.w.d.data.DataRecordDao.insertRecord  : ==> Parameters: 6000001(Long), -1(Long), -1(Long), -1(Long), 601_old_data(String), (String), 2(Integer), 0(Long), 2018-11-20 18:09:23.462(Timestamp), 2018-11-20 18:09:23.462(Timestamp), 0(Long), 0(Long)
2018-11-20 18:09:23.463 DEBUG 39232 --- [           main] c.w.w.d.data.DataRecordDao.insertRecord  : <==    Updates: 1
2018-11-20 18:09:23.463 DEBUG 39232 --- [           main] c.w.w.d.data.DataRecordDao.insertRecord  : ==>  Preparing: insert into data_record(id, order_id, class_id, batch_id, data, img_url, status, next_operator, gmt_create, gmt_modified, create_user, modify_user) values (?, ?, ?, ?, ?, ?, ?, ?, ?, ?, ?, ?) 
2018-11-20 18:09:23.463 DEBUG 39232 --- [           main] c.w.w.d.data.DataRecordDao.insertRecord  : ==> Parameters: 6000002(Long), -1(Long), -1(Long), -1(Long), 602_old_data(String), (String), 2(Integer), 0(Long), 2018-11-20 18:09:23.463(Timestamp), 2018-11-20 18:09:23.463(Timestamp), 0(Long), 0(Long)
2018-11-20 18:09:23.463 DEBUG 39232 --- [           main] c.w.w.d.data.DataRecordDao.insertRecord  : <==    Updates: 1
2018-11-20 18:09:23.463 DEBUG 39232 --- [           main] c.w.w.d.data.DataRecordDao.insertRecord  : ==>  Preparing: insert into data_record(id, order_id, class_id, batch_id, data, img_url, status, next_operator, gmt_create, gmt_modified, create_user, modify_user) values (?, ?, ?, ?, ?, ?, ?, ?, ?, ?, ?, ?) 
2018-11-20 18:09:23.464 DEBUG 39232 --- [           main] c.w.w.d.data.DataRecordDao.insertRecord  : ==> Parameters: 7000001(Long), -1(Long), -1(Long), -1(Long), 701_old_data(String), (String), 1(Integer), null, 2018-11-20 18:09:23.463(Timestamp), 2018-11-20 18:09:23.463(Timestamp), 0(Long), 0(Long)
2018-11-20 18:09:23.464 DEBUG 39232 --- [           main] c.w.w.d.data.DataRecordDao.insertRecord  : <==    Updates: 1
2018-11-20 18:09:23.464 DEBUG 39232 --- [           main] c.w.w.d.data.DataRecordDao.insertRecord  : ==>  Preparing: insert into data_record(id, order_id, class_id, batch_id, data, img_url, status, next_operator, gmt_create, gmt_modified, create_user, modify_user) values (?, ?, ?, ?, ?, ?, ?, ?, ?, ?, ?, ?) 
2018-11-20 18:09:23.464 DEBUG 39232 --- [           main] c.w.w.d.data.DataRecordDao.insertRecord  : ==> Parameters: 7000002(Long), -1(Long), -1(Long), -1(Long), 702_old_data(String), (String), 1(Integer), null, 2018-11-20 18:09:23.464(Timestamp), 2018-11-20 18:09:23.464(Timestamp), 0(Long), 0(Long)
2018-11-20 18:09:23.465 DEBUG 39232 --- [           main] c.w.w.d.data.DataRecordDao.insertRecord  : <==    Updates: 1
2018-11-20 18:09:23.465 DEBUG 39232 --- [           main] c.w.w.d.data.DataRecordDao.insertRecord  : ==>  Preparing: insert into data_record(id, order_id, class_id, batch_id, data, img_url, status, next_operator, gmt_create, gmt_modified, create_user, modify_user) values (?, ?, ?, ?, ?, ?, ?, ?, ?, ?, ?, ?) 
2018-11-20 18:09:23.465 DEBUG 39232 --- [           main] c.w.w.d.data.DataRecordDao.insertRecord  : ==> Parameters: 11000001(Long), -1(Long), -1(Long), -1(Long), 111_old_data(String), (String), 3(Integer), null, 2018-11-20 18:09:23.465(Timestamp), 2018-11-20 18:09:23.465(Timestamp), 0(Long), 0(Long)
2018-11-20 18:09:23.466 DEBUG 39232 --- [           main] c.w.w.d.data.DataRecordDao.insertRecord  : <==    Updates: 1
2018-11-20 18:09:23.466 DEBUG 39232 --- [           main] c.w.w.d.data.DataRecordDao.insertRecord  : ==>  Preparing: insert into data_record(id, order_id, class_id, batch_id, data, img_url, status, next_operator, gmt_create, gmt_modified, create_user, modify_user) values (?, ?, ?, ?, ?, ?, ?, ?, ?, ?, ?, ?) 
2018-11-20 18:09:23.467 DEBUG 39232 --- [           main] c.w.w.d.data.DataRecordDao.insertRecord  : ==> Parameters: 11000002(Long), -1(Long), -1(Long), -1(Long), 112_old_data(String), (String), 3(Integer), null, 2018-11-20 18:09:23.466(Timestamp), 2018-11-20 18:09:23.466(Timestamp), 0(Long), 0(Long)
2018-11-20 18:09:23.468 DEBUG 39232 --- [           main] c.w.w.d.data.DataRecordDao.insertRecord  : <==    Updates: 1
2018-11-20 18:09:23.468 DEBUG 39232 --- [           main] c.w.w.d.data.DataRecordDao.insertRecord  : ==>  Preparing: insert into data_record(id, order_id, class_id, batch_id, data, img_url, status, next_operator, gmt_create, gmt_modified, create_user, modify_user) values (?, ?, ?, ?, ?, ?, ?, ?, ?, ?, ?, ?) 
2018-11-20 18:09:23.468 DEBUG 39232 --- [           main] c.w.w.d.data.DataRecordDao.insertRecord  : ==> Parameters: 12000001(Long), -1(Long), -1(Long), -1(Long), 121_old_data(String), (String), 4(Integer), 0(Long), 2018-11-20 18:09:23.468(Timestamp), 2018-11-20 18:09:23.468(Timestamp), 0(Long), 0(Long)
2018-11-20 18:09:23.469 DEBUG 39232 --- [           main] c.w.w.d.data.DataRecordDao.insertRecord  : <==    Updates: 1
2018-11-20 18:09:23.469 DEBUG 39232 --- [           main] c.w.w.d.data.DataRecordDao.insertRecord  : ==>  Preparing: insert into data_record(id, order_id, class_id, batch_id, data, img_url, status, next_operator, gmt_create, gmt_modified, create_user, modify_user) values (?, ?, ?, ?, ?, ?, ?, ?, ?, ?, ?, ?) 
2018-11-20 18:09:23.469 DEBUG 39232 --- [           main] c.w.w.d.data.DataRecordDao.insertRecord  : ==> Parameters: 12000002(Long), -1(Long), -1(Long), -1(Long), 122_old_data(String), (String), 4(Integer), 0(Long), 2018-11-20 18:09:23.469(Timestamp), 2018-11-20 18:09:23.469(Timestamp), 0(Long), 0(Long)
2018-11-20 18:09:23.470 DEBUG 39232 --- [           main] c.w.w.d.data.DataRecordDao.insertRecord  : <==    Updates: 1
2018-11-20 18:09:23.470 DEBUG 39232 --- [           main] c.w.w.d.data.DataRecordDao.insertRecord  : ==>  Preparing: insert into data_record(id, order_id, class_id, batch_id, data, img_url, status, next_operator, gmt_create, gmt_modified, create_user, modify_user) values (?, ?, ?, ?, ?, ?, ?, ?, ?, ?, ?, ?) 
2018-11-20 18:09:23.470 DEBUG 39232 --- [           main] c.w.w.d.data.DataRecordDao.insertRecord  : ==> Parameters: 13000001(Long), -1(Long), -1(Long), -1(Long), 131_old_data(String), (String), 4(Integer), 0(Long), 2018-11-20 18:09:23.47(Timestamp), 2018-11-20 18:09:23.47(Timestamp), 0(Long), 0(Long)
2018-11-20 18:09:23.471 DEBUG 39232 --- [           main] c.w.w.d.data.DataRecordDao.insertRecord  : <==    Updates: 1
2018-11-20 18:09:23.471 DEBUG 39232 --- [           main] c.w.w.d.data.DataRecordDao.insertRecord  : ==>  Preparing: insert into data_record(id, order_id, class_id, batch_id, data, img_url, status, next_operator, gmt_create, gmt_modified, create_user, modify_user) values (?, ?, ?, ?, ?, ?, ?, ?, ?, ?, ?, ?) 
2018-11-20 18:09:23.471 DEBUG 39232 --- [           main] c.w.w.d.data.DataRecordDao.insertRecord  : ==> Parameters: 13000002(Long), -1(Long), -1(Long), -1(Long), 132_old_data(String), (String), 4(Integer), 0(Long), 2018-11-20 18:09:23.471(Timestamp), 2018-11-20 18:09:23.471(Timestamp), 0(Long), 0(Long)
2018-11-20 18:09:23.471 DEBUG 39232 --- [           main] c.w.w.d.data.DataRecordDao.insertRecord  : <==    Updates: 1
2018-11-20 18:09:23.477 DEBUG 39232 --- [           main] c.w.w.d.d.D.getRecordsByRecordIds        : ==>  Preparing: select * from data_record where id in ( ? , ? , ? , ? , ? , ? , ? , ? , ? , ? , ? , ? , ? , ? , ? , ? , ? , ? , ? , ? ) 
2018-11-20 18:09:23.478 DEBUG 39232 --- [           main] c.w.w.d.d.D.getRecordsByRecordIds        : ==> Parameters: 1000001(Long), 1000002(Long), 2000001(Long), 2000002(Long), 3000001(Long), 3000002(Long), 4000001(Long), 4000002(Long), 5000001(Long), 5000002(Long), 6000001(Long), 6000002(Long), 7000001(Long), 7000002(Long), 11000001(Long), 11000002(Long), 12000001(Long), 12000002(Long), 13000001(Long), 13000002(Long)
2018-11-20 18:09:23.481 DEBUG 39232 --- [           main] c.w.w.d.d.D.getRecordsByRecordIds        : <==      Total: 20
2018-11-20 18:09:23.482  INFO 39232 --- [           main] c.w.w.s.w.i.WorkflowRecordServiceImpl    : 记录工作流开始, 操作人: admin-系统管理员 
2018-11-20 18:09:23.483  INFO 39232 --- [           main] c.w.w.s.w.i.WorkflowRecordServiceImpl    :  -- 保存记录 数据 2 条
2018-11-20 18:09:23.483  INFO 39232 --- [           main] c.w.w.s.w.i.WorkflowRecordServiceImpl    :  -- 发起复核 数据 2 条
2018-11-20 18:09:23.483  INFO 39232 --- [           main] c.w.w.s.w.i.WorkflowRecordServiceImpl    :  -- 现场复核 数据 2 条
2018-11-20 18:09:23.483  INFO 39232 --- [           main] c.w.w.s.w.i.WorkflowRecordServiceImpl    :  -- 复核通过 数据 2 条
2018-11-20 18:09:23.483  INFO 39232 --- [           main] c.w.w.s.w.i.WorkflowRecordServiceImpl    :  -- 流程完成 数据 2 条
2018-11-20 18:09:23.483  INFO 39232 --- [           main] c.w.w.s.w.i.WorkflowRecordServiceImpl    :  -- 复核驳回 数据 2 条
2018-11-20 18:09:23.483  INFO 39232 --- [           main] c.w.w.s.w.i.WorkflowRecordServiceImpl    :  -- 修改记录 数据 2 条
2018-11-20 18:09:23.483  INFO 39232 --- [           main] c.w.w.s.w.i.WorkflowRecordServiceImpl    :  -- 发起修改 数据 2 条
2018-11-20 18:09:23.483  INFO 39232 --- [           main] c.w.w.s.w.i.WorkflowRecordServiceImpl    :  -- 同意修改 数据 2 条
2018-11-20 18:09:23.483  INFO 39232 --- [           main] c.w.w.s.w.i.WorkflowRecordServiceImpl    :  -- 驳回修改 数据 2 条
2018-11-20 18:09:23.485 DEBUG 39232 --- [           main] c.w.w.d.w.W.batchInsertWorkflowTask      : ==>  Preparing: insert into wf_record_current_task (id, record_id, operation, operator, next_operator, reason, old_data, status, next_status, hold1, hold2, hold3, gmt_create, gmt_modified) values (?, ?, ?, ?, ?, ?, ?, ?, ?, ?, ?, ?, ?, ?) , (?, ?, ?, ?, ?, ?, ?, ?, ?, ?, ?, ?, ?, ?) , (?, ?, ?, ?, ?, ?, ?, ?, ?, ?, ?, ?, ?, ?) , (?, ?, ?, ?, ?, ?, ?, ?, ?, ?, ?, ?, ?, ?) , (?, ?, ?, ?, ?, ?, ?, ?, ?, ?, ?, ?, ?, ?) , (?, ?, ?, ?, ?, ?, ?, ?, ?, ?, ?, ?, ?, ?) , (?, ?, ?, ?, ?, ?, ?, ?, ?, ?, ?, ?, ?, ?) , (?, ?, ?, ?, ?, ?, ?, ?, ?, ?, ?, ?, ?, ?) , (?, ?, ?, ?, ?, ?, ?, ?, ?, ?, ?, ?, ?, ?) , (?, ?, ?, ?, ?, ?, ?, ?, ?, ?, ?, ?, ?, ?) , (?, ?, ?, ?, ?, ?, ?, ?, ?, ?, ?, ?, ?, ?) , (?, ?, ?, ?, ?, ?, ?, ?, ?, ?, ?, ?, ?, ?) , (?, ?, ?, ?, ?, ?, ?, ?, ?, ?, ?, ?, ?, ?) , (?, ?, ?, ?, ?, ?, ?, ?, ?, ?, ?, ?, ?, ?) , (?, ?, ?, ?, ?, ?, ?, ?, ?, ?, ?, ?, ?, ?) , (?, ?, ?, ?, ?, ?, ?, ?, ?, ?, ?, ?, ?, ?) , (?, ?, ?, ?, ?, ?, ?, ?, ?, ?, ?, ?, ?, ?) , (?, ?, ?, ?, ?, ?, ?, ?, ?, ?, ?, ?, ?, ?) , (?, ?, ?, ?, ?, ?, ?, ?, ?, ?, ?, ?, ?, ?) , (?, ?, ?, ?, ?, ?, ?, ?, ?, ?, ?, ?, ?, ?) 
2018-11-20 18:09:23.634 DEBUG 39232 --- [           main] c.w.w.d.w.W.batchInsertWorkflowTask      : ==> Parameters: 514502535600541696(Long), 1000001(Long), 1(Integer), 0(Long), null, test(String), 101_old_data(String), 0(Integer), 1(Integer), null, null, null, 2018-11-20 18:09:23.482(Timestamp), 2018-11-20 18:09:23.482(Timestamp), 514502535600541697(Long), 1000002(Long), 1(Integer), 0(Long), null, test(String), 102_old_data(String), 0(Integer), 1(Integer), null, null, null, 2018-11-20 18:09:23.482(Timestamp), 2018-11-20 18:09:23.482(Timestamp), 514502535600541698(Long), 2000001(Long), 2(Integer), 0(Long), 0(Long), test(String), 201_old_data(String), 1(Integer), 2(Integer), null, null, null, 2018-11-20 18:09:23.482(Timestamp), 2018-11-20 18:09:23.482(Timestamp), 514502535600541699(Long), 2000002(Long), 2(Integer), 0(Long), 0(Long), test(String), 202_old_data(String), 1(Integer), 2(Integer), null, null, null, 2018-11-20 18:09:23.482(Timestamp), 2018-11-20 18:09:23.482(Timestamp), 514502535600541700(Long), 3000001(Long), 3(Integer), 0(Long), null, test(String), 301_old_data(String), 1(Integer), 3(Integer), null, null, null, 2018-11-20 18:09:23.482(Timestamp), 2018-11-20 18:09:23.482(Timestamp), 514502535600541701(Long), 3000002(Long), 3(Integer), 0(Long), null, test(String), 302_old_data(String), 1(Integer), 3(Integer), null, null, null, 2018-11-20 18:09:23.482(Timestamp), 2018-11-20 18:09:23.482(Timestamp), 514502535600541702(Long), 4000001(Long), 4(Integer), 0(Long), null, test(String), 401_old_data(String), 2(Integer), 3(Integer), null, null, null, 2018-11-20 18:09:23.482(Timestamp), 2018-11-20 18:09:23.482(Timestamp), 514502535600541703(Long), 4000002(Long), 4(Integer), 0(Long), null, test(String), 402_old_data(String), 2(Integer), 3(Integer), null, null, null, 2018-11-20 18:09:23.482(Timestamp), 2018-11-20 18:09:23.482(Timestamp), 514502535600541704(Long), 5000001(Long), 5(Integer), 0(Long), null, test(String), 501_old_data(String), 3(Integer), 9(Integer), null, null, null, 2018-11-20 18:09:23.482(Timestamp), 2018-11-20 18:09:23.482(Timestamp), 514502535600541705(Long), 5000002(Long), 5(Integer), 0(Long), null, test(String), 502_old_data(String), 3(Integer), 9(Integer), null, null, null, 2018-11-20 18:09:23.482(Timestamp), 2018-11-20 18:09:23.482(Timestamp), 514502535600541706(Long), 6000001(Long), 6(Integer), 0(Long), null, test(String), 601_old_data(String), 2(Integer), 1(Integer), null, null, null, 2018-11-20 18:09:23.482(Timestamp), 2018-11-20 18:09:23.482(Timestamp), 514502535600541707(Long), 6000002(Long), 6(Integer), 0(Long), null, test(String), 602_old_data(String), 2(Integer), 1(Integer), null, null, null, 2018-11-20 18:09:23.482(Timestamp), 2018-11-20 18:09:23.482(Timestamp), 514502535600541708(Long), 7000001(Long), 7(Integer), 0(Long), null, test(String), 701_old_data(String), 1(Integer), 1(Integer), null, null, null, 2018-11-20 18:09:23.482(Timestamp), 2018-11-20 18:09:23.482(Timestamp), 514502535600541709(Long), 7000002(Long), 7(Integer), 0(Long), null, test(String), 702_old_data(String), 1(Integer), 1(Integer), null, null, null, 2018-11-20 18:09:23.482(Timestamp), 2018-11-20 18:09:23.482(Timestamp), 514502535600541710(Long), 11000001(Long), 11(Integer), 0(Long), 0(Long), test(String), 111_old_data(String), 3(Integer), 4(Integer), null, null, null, 2018-11-20 18:09:23.482(Timestamp), 2018-11-20 18:09:23.482(Timestamp), 514502535600541711(Long), 11000002(Long), 11(Integer), 0(Long), 0(Long), test(String), 112_old_data(String), 3(Integer), 4(Integer), null, null, null, 2018-11-20 18:09:23.482(Timestamp), 2018-11-20 18:09:23.482(Timestamp), 514502535600541712(Long), 12000001(Long), 12(Integer), 0(Long), null, test(String), 121_old_data(String), 4(Integer), 1(Integer), null, null, null, 2018-11-20 18:09:23.482(Timestamp), 2018-11-20 18:09:23.482(Timestamp), 514502535600541713(Long), 12000002(Long), 12(Integer), 0(Long), null, test(String), 122_old_data(String), 4(Integer), 1(Integer), null, null, null, 2018-11-20 18:09:23.482(Timestamp), 2018-11-20 18:09:23.482(Timestamp), 514502535600541714(Long), 13000001(Long), 13(Integer), 0(Long), null, test(String), 131_old_data(String), 4(Integer), 3(Integer), null, null, null, 2018-11-20 18:09:23.482(Timestamp), 2018-11-20 18:09:23.482(Timestamp), 514502535600541715(Long), 13000002(Long), 13(Integer), 0(Long), null, test(String), 132_old_data(String), 4(Integer), 3(Integer), null, null, null, 2018-11-20 18:09:23.482(Timestamp), 2018-11-20 18:09:23.482(Timestamp)
2018-11-20 18:09:23.636 DEBUG 39232 --- [           main] c.w.w.d.w.W.batchInsertWorkflowTask      : <==    Updates: 20
2018-11-20 18:09:23.637 DEBUG 39232 --- [           main] c.w.w.d.d.D.batchUpdateRecordData        : ==>  Preparing: update data_record set data = ?, status = ?, next_operator = ?, modify_user = ?, gmt_modified = ? where id = ? ; update data_record set data = ?, status = ?, next_operator = ?, modify_user = ?, gmt_modified = ? where id = ? ; update data_record set data = ?, status = ?, next_operator = ?, modify_user = ?, gmt_modified = ? where id = ? ; update data_record set data = ?, status = ?, next_operator = ?, modify_user = ?, gmt_modified = ? where id = ? ; update data_record set data = ?, status = ?, next_operator = ?, modify_user = ?, gmt_modified = ? where id = ? ; update data_record set data = ?, status = ?, next_operator = ?, modify_user = ?, gmt_modified = ? where id = ? ; update data_record set data = ?, status = ?, next_operator = ?, modify_user = ?, gmt_modified = ? where id = ? ; update data_record set data = ?, status = ?, next_operator = ?, modify_user = ?, gmt_modified = ? where id = ? ; update data_record set data = ?, status = ?, next_operator = ?, modify_user = ?, gmt_modified = ? where id = ? ; update data_record set data = ?, status = ?, next_operator = ?, modify_user = ?, gmt_modified = ? where id = ? ; update data_record set data = ?, status = ?, next_operator = ?, modify_user = ?, gmt_modified = ? where id = ? ; update data_record set data = ?, status = ?, next_operator = ?, modify_user = ?, gmt_modified = ? where id = ? ; update data_record set data = ?, status = ?, next_operator = ?, modify_user = ?, gmt_modified = ? where id = ? ; update data_record set data = ?, status = ?, next_operator = ?, modify_user = ?, gmt_modified = ? where id = ? ; update data_record set data = ?, status = ?, next_operator = ?, modify_user = ?, gmt_modified = ? where id = ? ; update data_record set data = ?, status = ?, next_operator = ?, modify_user = ?, gmt_modified = ? where id = ? ; update data_record set data = ?, status = ?, next_operator = ?, modify_user = ?, gmt_modified = ? where id = ? ; update data_record set data = ?, status = ?, next_operator = ?, modify_user = ?, gmt_modified = ? where id = ? ; update data_record set data = ?, status = ?, next_operator = ?, modify_user = ?, gmt_modified = ? where id = ? ; update data_record set data = ?, status = ?, next_operator = ?, modify_user = ?, gmt_modified = ? where id = ? 
2018-11-20 18:09:23.637 DEBUG 39232 --- [           main] c.w.w.d.d.D.batchUpdateRecordData        : ==> Parameters: 101_old_data(String), 1(Integer), null, 0(Long), 2018-11-20 18:09:23.482(Timestamp), 1000001(Long), 102_old_data(String), 1(Integer), null, 0(Long), 2018-11-20 18:09:23.482(Timestamp), 1000002(Long), 201_old_data(String), 2(Integer), 0(Long), 0(Long), 2018-11-20 18:09:23.482(Timestamp), 2000001(Long), 202_old_data(String), 2(Integer), 0(Long), 0(Long), 2018-11-20 18:09:23.482(Timestamp), 2000002(Long), 301_old_data(String), 3(Integer), null, 0(Long), 2018-11-20 18:09:23.482(Timestamp), 3000001(Long), 302_old_data(String), 3(Integer), null, 0(Long), 2018-11-20 18:09:23.482(Timestamp), 3000002(Long), 401_old_data(String), 3(Integer), null, 0(Long), 2018-11-20 18:09:23.482(Timestamp), 4000001(Long), 402_old_data(String), 3(Integer), null, 0(Long), 2018-11-20 18:09:23.482(Timestamp), 4000002(Long), 501_old_data(String), 9(Integer), null, 0(Long), 2018-11-20 18:09:23.482(Timestamp), 5000001(Long), 502_old_data(String), 9(Integer), null, 0(Long), 2018-11-20 18:09:23.482(Timestamp), 5000002(Long), 601_old_data(String), 1(Integer), null, 0(Long), 2018-11-20 18:09:23.482(Timestamp), 6000001(Long), 602_old_data(String), 1(Integer), null, 0(Long), 2018-11-20 18:09:23.482(Timestamp), 6000002(Long), new_data(String), 1(Integer), null, 0(Long), 2018-11-20 18:09:23.482(Timestamp), 7000001(Long), new_data(String), 1(Integer), null, 0(Long), 2018-11-20 18:09:23.482(Timestamp), 7000002(Long), 111_old_data(String), 4(Integer), 0(Long), 0(Long), 2018-11-20 18:09:23.482(Timestamp), 11000001(Long), 112_old_data(String), 4(Integer), 0(Long), 0(Long), 2018-11-20 18:09:23.482(Timestamp), 11000002(Long), 121_old_data(String), 1(Integer), null, 0(Long), 2018-11-20 18:09:23.482(Timestamp), 12000001(Long), 122_old_data(String), 1(Integer), null, 0(Long), 2018-11-20 18:09:23.482(Timestamp), 12000002(Long), 131_old_data(String), 3(Integer), null, 0(Long), 2018-11-20 18:09:23.482(Timestamp), 13000001(Long), 132_old_data(String), 3(Integer), null, 0(Long), 2018-11-20 18:09:23.482(Timestamp), 13000002(Long)
2018-11-20 18:09:23.646  INFO 39232 --- [           main] o.s.t.c.transaction.TransactionContext   : Rolled back transaction for test: [DefaultTestContext@36ecf9f6 testClass = WorkflowRecordServiceImplTest, testInstance = com.wslint.wisdomreport.service.workflow.impl.WorkflowRecordServiceImplTest@104bc677, testMethod = doWorkflow@WorkflowRecordServiceImplTest, testException = org.springframework.jdbc.BadSqlGrammarException: 
### Error updating database.  Cause: com.mysql.jdbc.exceptions.jdbc4.MySQLSyntaxErrorException: You have an error in your SQL syntax; check the manual that corresponds to your MySQL server version for the right syntax to use near 'update data_record set  data = '102_old_data', status = 1, next_operator = null,' at line 1
### The error may involve com.wslint.wisdomreport.dao.data.DataRecordDao.batchUpdateRecordData-Inline
### The error occurred while setting parameters
### SQL: update data_record set  data = ?, status = ?, next_operator = ?,  modify_user = ?, gmt_modified = ?  where id = ?  ;  update data_record set  data = ?, status = ?, next_operator = ?,  modify_user = ?, gmt_modified = ?  where id = ?  ;  update data_record set  data = ?, status = ?, next_operator = ?,  modify_user = ?, gmt_modified = ?  where id = ?  ;  update data_record set  data = ?, status = ?, next_operator = ?,  modify_user = ?, gmt_modified = ?  where id = ?  ;  update data_record set  data = ?, status = ?, next_operator = ?,  modify_user = ?, gmt_modified = ?  where id = ?  ;  update data_record set  data = ?, status = ?, next_operator = ?,  modify_user = ?, gmt_modified = ?  where id = ?  ;  update data_record set  data = ?, status = ?, next_operator = ?,  modify_user = ?, gmt_modified = ?  where id = ?  ;  update data_record set  data = ?, status = ?, next_operator = ?,  modify_user = ?, gmt_modified = ?  where id = ?  ;  update data_record set  data = ?, status = ?, next_operator = ?,  modify_user = ?, gmt_modified = ?  where id = ?  ;  update data_record set  data = ?, status = ?, next_operator = ?,  modify_user = ?, gmt_modified = ?  where id = ?  ;  update data_record set  data = ?, status = ?, next_operator = ?,  modify_user = ?, gmt_modified = ?  where id = ?  ;  update data_record set  data = ?, status = ?, next_operator = ?,  modify_user = ?, gmt_modified = ?  where id = ?  ;  update data_record set  data = ?, status = ?, next_operator = ?,  modify_user = ?, gmt_modified = ?  where id = ?  ;  update data_record set  data = ?, status = ?, next_operator = ?,  modify_user = ?, gmt_modified = ?  where id = ?  ;  update data_record set  data = ?, status = ?, next_operator = ?,  modify_user = ?, gmt_modified = ?  where id = ?  ;  update data_record set  data = ?, status = ?, next_operator = ?,  modify_user = ?, gmt_modified = ?  where id = ?  ;  update data_record set  data = ?, status = ?, next_operator = ?,  modify_user = ?, gmt_modified = ?  where id = ?  ;  update data_record set  data = ?, status = ?, next_operator = ?,  modify_user = ?, gmt_modified = ?  where id = ?  ;  update data_record set  data = ?, status = ?, next_operator = ?,  modify_user = ?, gmt_modified = ?  where id = ?  ;  update data_record set  data = ?, status = ?, next_operator = ?,  modify_user = ?, gmt_modified = ?  where id = ?
### Cause: com.mysql.jdbc.exceptions.jdbc4.MySQLSyntaxErrorException: You have an error in your SQL syntax; check the manual that corresponds to your MySQL server version for the right syntax to use near 'update data_record set  data = '102_old_data', status = 1, next_operator = null,' at line 1
; bad SQL grammar []; nested exception is com.mysql.jdbc.exceptions.jdbc4.MySQLSyntaxErrorException: You have an error in your SQL syntax; check the manual that corresponds to your MySQL server version for the right syntax to use near 'update data_record set  data = '102_old_data', status = 1, next_operator = null,' at line 1, mergedContextConfiguration = [WebMergedContextConfiguration@3bda1f0 testClass = WorkflowRecordServiceImplTest, locations = '{}', classes = '{class com.wslint.wisdomreport.WisdomReportApplication}', contextInitializerClasses = '[]', activeProfiles = '{}', propertySourceLocations = '{}', propertySourceProperties = '{org.springframework.boot.test.context.SpringBootTestContextBootstrapper=true}', contextCustomizers = set[org.springframework.boot.test.context.filter.ExcludeFilterContextCustomizer@2f7c2f4f, org.springframework.boot.test.json.DuplicateJsonObjectContextCustomizerFactory$DuplicateJsonObjectContextCustomizer@36c88a32, org.springframework.boot.test.mock.mockito.MockitoContextCustomizer@0, org.springframework.boot.test.web.client.TestRestTemplateContextCustomizer@3e2e18f2, org.springframework.boot.test.autoconfigure.properties.PropertyMappingContextCustomizer@0, org.springframework.boot.test.autoconfigure.web.servlet.WebDriverContextCustomizerFactory$Customizer@6a400542], resourceBasePath = 'src/main/webapp', contextLoader = 'org.springframework.boot.test.context.SpringBootContextLoader', parent = [null]], attributes = map['org.springframework.test.context.web.ServletTestExecutionListener.activateListener' -> true, 'org.springframework.test.context.web.ServletTestExecutionListener.populatedRequestContextHolder' -> true, 'org.springframework.test.context.web.ServletTestExecutionListener.resetRequestContextHolder' -> true]]
]]></system-out>
  </testcase>
</testsuite>